/favicon.ico:1 
        
        
        Failed to load resource: the server responded with a status of 404 ()
VM13:1134 &#8224
VM13:1130 &#82244
VM13:1132 &#8224
VM13:1134 &#8224
VM13:1130 &#82245
VM13:1132 &#8224
VM13:1134 &#8224
VM13:1130 &#82246
VM13:1132 &#8224
VM13:1134 &#8224
VM13:1130 &#82247
VM13:1132 &#8224
VM13:1134 &#8224
VM13:1125 0
VM13:1125 1
VM13:1125 2
VM13:1125 3
VM13:1125 4
VM13:1125 5
VM13:1125 6
VM13:1125 7
VM13:1125 8
VM13:1125 9
VM13:1130 <svg class="circle" viewBox="0 0 150 150" height=".6em" width=".6em" style="align-items: center;"><use xlink:href="#spade"/></svg>&nbsp;&nbsp;0
VM13:1132 <svg class="circle" viewBox="0 0 150 150" height=".6em" width=".6em" style="align-items: center;"><use xlink:href="#spade"/></svg>&nbsp;&nbsp;
VM13:1134 <svg class="circle" viewBox="0 0 150 150" height=".6em" width=".6em" style="align-items: center;"><use xlink:href="#spade"/></svg>&nbsp;&nbsp;
VM13:1130 <button height="14px" onclick="foundationPush()" class="invis"><span style="color:#B93E07;font-weight:bold;">↑</span></button>1
VM13:1132 &#8224
VM13:1134 &#8224
VM13:1130 &#82242
VM13:1132 &#8224
VM13:1134 &#8224
VM13:1130 &#82243
VM13:1132 &#8224
VM13:1134 &#8224
VM13:1130 &#82244
VM13:1132 &#8224
VM13:1134 &#8224
VM13:1130 &#82245
VM13:1132 &#8224
VM13:1134 &#8224
VM13:1130 &#82246
VM13:1132 &#8224
VM13:1134 &#8224
VM13:1130 &#82247
VM13:1132 &#8224
VM13:1134 &#8224
VM13:1125 0
VM13:1125 1
VM13:1125 2
VM13:1125 3
VM13:1125 4
VM13:1125 5
VM13:1125 6
VM13:1125 7
VM13:1125 8
VM13:1125 9
VM13:1130 <svg class="circle" viewBox="0 0 150 150" height=".6em" width=".6em" style="align-items: center;"><use xlink:href="#spade"/></svg>&nbsp;&nbsp;0
VM13:1132 <svg class="circle" viewBox="0 0 150 150" height=".6em" width=".6em" style="align-items: center;"><use xlink:href="#spade"/></svg>&nbsp;&nbsp;
VM13:1134 <svg class="circle" viewBox="0 0 150 150" height=".6em" width=".6em" style="align-items: center;"><use xlink:href="#spade"/></svg>&nbsp;&nbsp;
VM13:1130 <button height="14px" onclick="foundationPush()" class="invis"><span style="color:#B93E07;font-weight:bold;">↑</span></button>1
VM13:1132 &#8224
VM13:1134 &#8224
VM13:1130 &#82242
VM13:1132 &#8224
VM13:1134 &#8224
VM13:1130 &#82243
VM13:1132 &#8224
VM13:1134 &#8224
VM13:1130 &#82244
VM13:1132 &#8224
VM13:1134 &#8224
VM13:1130 &#82245
VM13:1132 &#8224
VM13:1134 &#8224
VM13:1130 &#82246
VM13:1132 &#8224
VM13:1134 &#8224
VM13:1130 &#82247
VM13:1132 &#8224
VM13:1134 &#8224
VM13:1125 0
VM13:1125 1
VM13:1125 2
VM13:1125 3
VM13:1125 4
VM13:1125 5
VM13:1125 6
VM13:1125 7
VM13:1125 8
VM13:1125 9
VM13:1130 <svg class="circle" viewBox="0 0 150 150" height=".6em" width=".6em" style="align-items: center;"><use xlink:href="#spade"/></svg>&nbsp;&nbsp;0
VM13:1132 <svg class="circle" viewBox="0 0 150 150" height=".6em" width=".6em" style="align-items: center;"><use xlink:href="#spade"/></svg>&nbsp;&nbsp;
VM13:1134 <svg class="circle" viewBox="0 0 150 150" height=".6em" width=".6em" style="align-items: center;"><use xlink:href="#spade"/></svg>&nbsp;&nbsp;
VM13:1130 <button height="14px" onclick="foundationPush()" class="invis"><span style="color:#B93E07;font-weight:bold;">↑</span></button>1
VM13:1132 &#8224
VM13:1134 &#8224
VM13:1130 &#82242
VM13:1132 &#8224
VM13:1134 &#8224
VM13:1130 &#82243
VM13:1132 &#8224
VM13:1134 &#8224
VM13:1130 &#82244
VM13:1132 &#8224
VM13:1134 &#8224
VM13:1130 &#82245
VM13:1132 &#8224
VM13:1134 &#8224
VM13:1130 &#82246
VM13:1132 &#8224
VM13:1134 &#8224
VM13:1130 &#82247
VM13:1132 &#8224
VM13:1134 &#8224
VM13:1125 0
VM13:1125 1
VM13:1125 2
VM13:1125 3
VM13:1125 4
VM13:1125 5
VM13:1125 6
VM13:1125 7
VM13:1125 8
VM13:1125 9
VM13:1130 <svg class="circle" viewBox="0 0 150 150" height=".6em" width=".6em" style="align-items: center;"><use xlink:href="#spade"/></svg>&nbsp;&nbsp;0
VM13:1132 <svg class="circle" viewBox="0 0 150 150" height=".6em" width=".6em" style="align-items: center;"><use xlink:href="#spade"/></svg>&nbsp;&nbsp;
VM13:1134 <svg class="circle" viewBox="0 0 150 150" height=".6em" width=".6em" style="align-items: center;"><use xlink:href="#spade"/></svg>&nbsp;&nbsp;
VM13:1130 <button height="14px" onclick="foundationPush()" class="invis"><span style="color:#B93E07;font-weight:bold;">↑</span></button>1
VM13:1132 &#8224
VM13:1134 &#8224
VM13:1130 &#82242
VM13:1132 &#8224
VM13:1134 &#8224
VM13:1130 &#82243
VM13:1132 &#8224
VM13:1134 &#8224
VM13:1130 &#82244
VM13:1132 &#8224
VM13:1134 &#8224
VM13:1130 &#82245
VM13:1132 &#8224
VM13:1134 &#8224
VM13:1130 &#82246
VM13:1132 &#8224
VM13:1134 &#8224
VM13:1130 &#82247
VM13:1132 &#8224
VM13:1134 &#8224
VM13:1125 0
VM13:1125 1
VM13:1125 2
VM13:1125 3
VM13:1125 4
VM13:1125 5
VM13:1125 6
VM13:1125 7
VM13:1125 8
VM13:1125 9
VM13:1130 <svg class="circle" viewBox="0 0 150 150" height=".6em" width=".6em" style="align-items: center;"><use xlink:href="#spade"/></svg>&nbsp;&nbsp;0
VM13:1132 <svg class="circle" viewBox="0 0 150 150" height=".6em" width=".6em" style="align-items: center;"><use xlink:href="#spade"/></svg>&nbsp;&nbsp;
VM13:1134 <svg class="circle" viewBox="0 0 150 150" height=".6em" width=".6em" style="align-items: center;"><use xlink:href="#spade"/></svg>&nbsp;&nbsp;
VM13:1130 <button height="14px" onclick="foundationPush()" class="invis"><span style="color:#B93E07;font-weight:bold;">↑</span></button>1
VM13:1132 &#8224
VM13:1134 &#8224
VM13:1130 &#82242
VM13:1132 &#8224
VM13:1134 &#8224
VM13:1130 &#82243
VM13:1132 &#8224
VM13:1134 &#8224
VM13:1130 &#82244
VM13:1132 &#8224
VM13:1134 &#8224
VM13:1130 &#82245
VM13:1132 &#8224
VM13:1134 &#8224
VM13:1130 &#82246
VM13:1132 &#8224
VM13:1134 &#8224
VM13:1130 &#82247
VM13:1132 &#8224
VM13:1134 &#8224
VM13:1125 0
VM13:1125 1
VM13:1125 2
VM13:1125 3
VM13:1125 4
VM13:1125 5
VM13:1125 6
VM13:1125 7
VM13:1125 8
VM13:1125 9
VM13:1130 <svg class="circle" viewBox="0 0 150 150" height=".6em" width=".6em" style="align-items: center;"><use xlink:href="#spade"/></svg>&nbsp;&nbsp;0
VM13:1132 <svg class="circle" viewBox="0 0 150 150" height=".6em" width=".6em" style="align-items: center;"><use xlink:href="#spade"/></svg>&nbsp;&nbsp;
VM13:1134 <svg class="circle" viewBox="0 0 150 150" height=".6em" width=".6em" style="align-items: center;"><use xlink:href="#spade"/></svg>&nbsp;&nbsp;
VM13:1130 <button height="14px" onclick="foundationPush()" class="invis"><span style="color:#B93E07;font-weight:bold;">↑</span></button>1
VM13:1132 &#8224
VM13:1134 &#8224
VM13:1130 &#82242
VM13:1132 &#8224
VM13:1134 &#8224
VM13:1130 &#82243
VM13:1132 &#8224
VM13:1134 &#8224
VM13:1130 &#82244
VM13:1132 &#8224
VM13:1134 &#8224
VM13:1130 &#82245
VM13:1132 &#8224
VM13:1134 &#8224
VM13:1130 &#82246
VM13:1132 &#8224
VM13:1134 &#8224
VM13:1130 &#82247
VM13:1132 &#8224
VM13:1134 &#8224
VM13:1125 0
VM13:1125 1
VM13:1125 2
VM13:1125 3
VM13:1125 4
VM13:1125 5
VM13:1125 6
VM13:1125 7
VM13:1125 8
VM13:1125 9
VM13:1130 <svg class="circle" viewBox="0 0 150 150" height=".6em" width=".6em" style="align-items: center;"><use xlink:href="#spade"/></svg>&nbsp;&nbsp;0
VM13:1132 <svg class="circle" viewBox="0 0 150 150" height=".6em" width=".6em" style="align-items: center;"><use xlink:href="#spade"/></svg>&nbsp;&nbsp;
VM13:1134 <svg class="circle" viewBox="0 0 150 150" height=".6em" width=".6em" style="align-items: center;"><use xlink:href="#spade"/></svg>&nbsp;&nbsp;
VM13:1130 <button height="14px" onclick="foundationPush()" class="invis"><span style="color:#B93E07;font-weight:bold;">↑</span></button>1
VM13:1132 &#8224
VM13:1134 &#8224
VM13:1130 &#82242
VM13:1132 &#8224
VM13:1134 &#8224
VM13:1130 &#82243
VM13:1132 &#8224
VM13:1134 &#8224
VM13:1130 &#82244
VM13:1132 &#8224
VM13:1134 &#8224
VM13:1130 &#82245
VM13:1132 &#8224
VM13:1134 &#8224
VM13:1130 &#82246
VM13:1132 &#8224
VM13:1134 &#8224
VM13:1130 &#82247
VM13:1132 &#8224
VM13:1134 &#8224
VM13:1125 0
VM13:1125 1
VM13:1125 2
VM13:1125 3
VM13:1125 4
VM13:1125 5
VM13:1125 6
VM13:1125 7
VM13:1125 8
VM13:1125 9
VM13:1130 <svg class="circle" viewBox="0 0 150 150" height=".6em" width=".6em" style="align-items: center;"><use xlink:href="#spade"/></svg>&nbsp;&nbsp;0
VM13:1132 <svg class="circle" viewBox="0 0 150 150" height=".6em" width=".6em" style="align-items: center;"><use xlink:href="#spade"/></svg>&nbsp;&nbsp;
VM13:1134 <svg class="circle" viewBox="0 0 150 150" height=".6em" width=".6em" style="align-items: center;"><use xlink:href="#spade"/></svg>&nbsp;&nbsp;
VM13:1130 <button height="14px" onclick="foundationPush()" class="invis"><span style="color:#B93E07;font-weight:bold;">↑</span></button>1
VM13:1132 &#8224
VM13:1134 &#8224
VM13:1130 &#82242
VM13:1132 &#8224
VM13:1134 &#8224
VM13:1130 &#82243
VM13:1132 &#8224
VM13:1134 &#8224
VM13:1130 &#82244
VM13:1132 &#8224
VM13:1134 &#8224
VM13:1130 &#82245
VM13:1132 &#8224
VM13:1134 &#8224
VM13:1130 &#82246
VM13:1132 &#8224
VM13:1134 &#8224
VM13:1130 &#82247
VM13:1132 &#8224
VM13:1134 &#8224
VM13:1125 0
VM13:1125 1
VM13:1125 2
VM13:1125 3
VM13:1125 4
VM13:1125 5
VM13:1125 6
VM13:1125 7
VM13:1125 8
VM13:1125 9
VM13:1130 <svg class="circle" viewBox="0 0 150 150" height=".6em" width=".6em" style="align-items: center;"><use xlink:href="#spade"/></svg>&nbsp;&nbsp;0
VM13:1132 <svg class="circle" viewBox="0 0 150 150" height=".6em" width=".6em" style="align-items: center;"><use xlink:href="#spade"/></svg>&nbsp;&nbsp;
VM13:1134 <svg class="circle" viewBox="0 0 150 150" height=".6em" width=".6em" style="align-items: center;"><use xlink:href="#spade"/></svg>&nbsp;&nbsp;
VM13:1130 <svg class="circle" viewBox="0 0 150 150" height=".6em" width=".6em" style="align-items: center;"><use xlink:href="#spade"/></svg>&nbsp;&nbsp;1
VM13:1132 <svg class="circle" viewBox="0 0 150 150" height=".6em" width=".6em" style="align-items: center;"><use xlink:href="#spade"/></svg>&nbsp;&nbsp;
VM13:1134 <svg class="circle" viewBox="0 0 150 150" height=".6em" width=".6em" style="align-items: center;"><use xlink:href="#spade"/></svg>&nbsp;&nbsp;
VM13:1130 <button height="14px" onclick="foundationPush()" class="invis"><span style="color:#B93E07;font-weight:bold;">↑</span></button>2
VM13:1132 &#8224
VM13:1134 &#8224
VM13:1130 &#82243
VM13:1132 &#8224
VM13:1134 &#8224
VM13:1130 &#82244
VM13:1132 &#8224
VM13:1134 &#8224
VM13:1130 &#82245
VM13:1132 &#8224
VM13:1134 &#8224
VM13:1130 &#82246
VM13:1132 &#8224
VM13:1134 &#8224
VM13:1130 &#82247
VM13:1132 &#8224
VM13:1134 &#8224
VM13:1125 0
VM13:1125 1
VM13:1125 2
VM13:1125 3
VM13:1125 4
VM13:1125 5
VM13:1125 6
VM13:1125 7
VM13:1125 8
VM13:1125 9
VM13:1130 <svg class="circle" viewBox="0 0 150 150" height=".6em" width=".6em" style="align-items: center;"><use xlink:href="#spade"/></svg>&nbsp;&nbsp;0
VM13:1132 <svg class="circle" viewBox="0 0 150 150" height=".6em" width=".6em" style="align-items: center;"><use xlink:href="#spade"/></svg>&nbsp;&nbsp;
VM13:1134 <svg class="circle" viewBox="0 0 150 150" height=".6em" width=".6em" style="align-items: center;"><use xlink:href="#spade"/></svg>&nbsp;&nbsp;
VM13:1130 <svg class="circle" viewBox="0 0 150 150" height=".6em" width=".6em" style="align-items: center;"><use xlink:href="#spade"/></svg>&nbsp;&nbsp;1
VM13:1132 <svg class="circle" viewBox="0 0 150 150" height=".6em" width=".6em" style="align-items: center;"><use xlink:href="#spade"/></svg>&nbsp;&nbsp;
VM13:1134 <svg class="circle" viewBox="0 0 150 150" height=".6em" width=".6em" style="align-items: center;"><use xlink:href="#spade"/></svg>&nbsp;&nbsp;
VM13:1130 &#82242
VM13:1132 &#8224
VM13:1134 &#8224
VM13:1130 &#82243
VM13:1132 &#8224
VM13:1134 &#8224
VM13:1130 &#82244
VM13:1132 &#8224
VM13:1134 &#8224
VM13:1130 &#82245
VM13:1132 &#8224
VM13:1134 &#8224
VM13:1130 &#82246
VM13:1132 &#8224
